Tue Nov 22 19:00:15 CST 2016  [debug] AvalonLogSystem initialized using logfile 'F:\MyEsWorkSp\.metadata\.plugins\com.genuitec.eclipse.templates\velocity.log'
Tue Nov 22 19:00:15 CST 2016   [info] ************************************************************** 
Tue Nov 22 19:00:15 CST 2016   [info] Starting Jakarta Velocity v1.4
Tue Nov 22 19:00:15 CST 2016   [info] RuntimeInstance initializing.
Tue Nov 22 19:00:15 CST 2016   [info] Default Properties File: org\apache\velocity\runtime\defaults\velocity.properties
Tue Nov 22 19:00:15 CST 2016   [info] Trying to use logger class org.apache.velocity.runtime.log.AvalonLogSystem
Tue Nov 22 19:00:15 CST 2016   [info] Using logger class org.apache.velocity.runtime.log.AvalonLogSystem
Tue Nov 22 19:00:15 CST 2016   [info] Default ResourceManager initializing. (class org.apache.velocity.runtime.resource.ResourceManagerImpl)
Tue Nov 22 19:00:15 CST 2016   [info] Resource Loader Instantiated: com.genuitec.eclipse.templates.internal.PluginResourceLoader
Tue Nov 22 19:00:15 CST 2016   [info] ResourceCache : initialized. (class org.apache.velocity.runtime.resource.ResourceCacheImpl)
Tue Nov 22 19:00:15 CST 2016   [info] Default ResourceManager initialization complete.
Tue Nov 22 19:00:15 CST 2016   [info] Loaded System Directive: org.apache.velocity.runtime.directive.Literal
Tue Nov 22 19:00:15 CST 2016   [info] Loaded System Directive: org.apache.velocity.runtime.directive.Macro
Tue Nov 22 19:00:15 CST 2016   [info] Loaded System Directive: org.apache.velocity.runtime.directive.Parse
Tue Nov 22 19:00:15 CST 2016   [info] Loaded System Directive: org.apache.velocity.runtime.directive.Include
Tue Nov 22 19:00:15 CST 2016   [info] Loaded System Directive: org.apache.velocity.runtime.directive.Foreach
Tue Nov 22 19:00:15 CST 2016   [info] Created: 20 parsers.
Tue Nov 22 19:00:15 CST 2016   [info] Velocimacro : initialization starting.
Tue Nov 22 19:00:15 CST 2016   [info] Velocimacro : adding VMs from VM library template : VM_global_library.vm
Tue Nov 22 19:00:15 CST 2016  [error] ResourceManager : unable to find resource 'VM_global_library.vm' in any resource loader.
Tue Nov 22 19:00:15 CST 2016   [info] Velocimacro : error using  VM library template VM_global_library.vm : org.apache.velocity.exception.ResourceNotFoundException: Unable to find resource 'VM_global_library.vm'
Tue Nov 22 19:00:15 CST 2016   [info] Velocimacro :  VM library template macro registration complete.
Tue Nov 22 19:00:15 CST 2016   [info] Velocimacro : allowInline = true : VMs can be defined inline in templates
Tue Nov 22 19:00:15 CST 2016   [info] Velocimacro : allowInlineToOverride = true : VMs defined inline may replace previous VM definitions
Tue Nov 22 19:00:15 CST 2016   [info] Velocimacro : allowInlineLocal = true : VMs defined inline will be local to their defining template only.
Tue Nov 22 19:00:15 CST 2016   [info] Velocimacro : messages on  : VM system will output logging messages
Tue Nov 22 19:00:15 CST 2016   [info] Velocimacro : autoload off  : VM system will not automatically reload global library macros
Tue Nov 22 19:00:15 CST 2016   [info] Velocimacro : initialization complete.
Tue Nov 22 19:00:15 CST 2016   [info] Velocity successfully started.
Tue Nov 22 19:00:15 CST 2016   [info] ResourceManager : found templates/web.xml.vm with loader com.genuitec.eclipse.templates.internal.PluginResourceLoader
Tue Nov 22 19:06:57 CST 2016   [info] ResourceManager : found templates/jsp/Jsp.vtl with loader com.genuitec.eclipse.templates.internal.PluginResourceLoader
Tue Nov 22 19:06:57 CST 2016   [info] ResourceManager : found templates/jsp/JSPMetaTags.vtl with loader com.genuitec.eclipse.templates.internal.PluginResourceLoader
Tue Nov 22 19:16:57 CST 2016   [info] ResourceManager : found templates/xml/Xml.vtl with loader com.genuitec.eclipse.templates.internal.PluginResourceLoader
Tue Nov 22 19:17:34 CST 2016   [info] ResourceManager : found templates/xml/Xml.vtl with loader com.genuitec.eclipse.templates.internal.PluginResourceLoader
Tue Nov 22 19:17:50 CST 2016   [info] ResourceManager : found templates/xml/Xml.vtl with loader com.genuitec.eclipse.templates.internal.PluginResourceLoader
